0 info it worked if it ends with ok
1 verbose cli [ '/Users/marco/.nvm/versions/node/v4.1.1/bin/node',
1 verbose cli   '/Users/marco/.nvm/versions/node/v4.1.1/bin/npm',
1 verbose cli   'start' ]
2 info using npm@2.14.4
3 info using node@v4.1.1
4 verbose run-script [ 'prestart', 'start', 'poststart' ]
5 info prestart getkong.org@1.0.0
6 verbose unsafe-perm in lifecycle true
7 info getkong.org@1.0.0 Failed to exec prestart script
8 verbose stack Error: getkong.org@1.0.0 prestart: `npm test`
8 verbose stack Exit status 1
8 verbose stack     at EventEmitter.<anonymous> (/Users/marco/.nvm/versions/node/v4.1.1/lib/node_modules/npm/lib/utils/lifecycle.js:214:16)
8 verbose stack     at emitTwo (events.js:87:13)
8 verbose stack     at EventEmitter.emit (events.js:172:7)
8 verbose stack     at ChildProcess.<anonymous> (/Users/marco/.nvm/versions/node/v4.1.1/lib/node_modules/npm/lib/utils/spawn.js:24:14)
8 verbose stack     at emitTwo (events.js:87:13)
8 verbose stack     at ChildProcess.emit (events.js:172:7)
8 verbose stack     at maybeClose (internal/child_process.js:817:16)
8 verbose stack     at Process.ChildProcess._handle.onexit (internal/child_process.js:211:5)
9 verbose pkgid getkong.org@1.0.0
10 verbose cwd /Users/marco/git/getkong.org/app/docs
11 error Darwin 15.3.0
12 error argv "/Users/marco/.nvm/versions/node/v4.1.1/bin/node" "/Users/marco/.nvm/versions/node/v4.1.1/bin/npm" "start"
13 error node v4.1.1
14 error npm  v2.14.4
15 error code ELIFECYCLE
16 error getkong.org@1.0.0 prestart: `npm test`
16 error Exit status 1
17 error Failed at the getkong.org@1.0.0 prestart script 'npm test'.
17 error This is most likely a problem with the getkong.org package,
17 error not with npm itself.
17 error Tell the author that this fails on your system:
17 error     npm test
17 error You can get their info via:
17 error     npm owner ls getkong.org
17 error There is likely additional logging output above.
18 verbose exit [ 1, true ]
